<?xml version="1.0" encoding="UTF-8"?>
<!-- Generated by org.testng.reporters.JUnitReportReporter -->
<testsuite hostname="LAPTOP-F9GTT2QO" failures="0" tests="1" name="wi.ValidateDateOfRelease" time="15.059" errors="0" timestamp="2023-02-26T12:53:35 IST" skipped="0">
  <testcase classname="wi.ValidateDateOfRelease" name="PushpaReleaseDate" time="15.059"/>
  <system-out/>
</testsuite> <!-- wi.ValidateDateOfRelease -->
